\BOOKMARK [1][-]{section.1}{\376\377\000I\000n\000t\000r\000o\000d\000u\000c\000t\000i\000o\000n}{}% 1
\BOOKMARK [1][-]{section.2}{\376\377\000S\000i\000n\000g\000u\000l\000a\000r\000\040\000V\000a\000l\000u\000e\000\040\000D\000e\000c\000o\000m\000p\000o\000s\000i\000t\000i\000o\000n\000:\000\040\000T\000h\000e\000o\000r\000y}{}% 2
\BOOKMARK [2][-]{subsection.2.1}{\376\377\000M\000a\000t\000h\000e\000m\000a\000t\000i\000c\000a\000l\000\040\000F\000o\000u\000n\000d\000a\000t\000i\000o\000n}{section.2}% 3
\BOOKMARK [2][-]{subsection.2.2}{\376\377\000K\000e\000y\000\040\000P\000r\000o\000p\000e\000r\000t\000i\000e\000s\000\040\000\050\000G\000i\000l\000b\000e\000r\000t\000\040\000S\000t\000r\000a\000n\000g\000'\000s\000\040\000P\000e\000r\000s\000p\000e\000c\000t\000i\000v\000e\000\051}{section.2}% 4
\BOOKMARK [3][-]{subsubsection.2.2.1}{\376\377\000F\000o\000u\000r\000\040\000F\000u\000n\000d\000a\000m\000e\000n\000t\000a\000l\000\040\000S\000u\000b\000s\000p\000a\000c\000e\000s}{subsection.2.2}% 5
\BOOKMARK [3][-]{subsubsection.2.2.2}{\376\377\000B\000e\000s\000t\000\040\000R\000a\000n\000k\000-\000k\000\040\000A\000p\000p\000r\000o\000x\000i\000m\000a\000t\000i\000o\000n}{subsection.2.2}% 6
\BOOKMARK [3][-]{subsubsection.2.2.3}{\376\377\000G\000e\000o\000m\000e\000t\000r\000i\000c\000\040\000I\000n\000t\000e\000r\000p\000r\000e\000t\000a\000t\000i\000o\000n}{subsection.2.2}% 7
\BOOKMARK [2][-]{subsection.2.3}{\376\377\000C\000o\000n\000n\000e\000c\000t\000i\000o\000n\000\040\000t\000o\000\040\000E\000i\000g\000e\000n\000v\000a\000l\000u\000e\000s}{section.2}% 8
\BOOKMARK [1][-]{section.3}{\376\377\000A\000l\000g\000o\000r\000i\000t\000h\000m\000\040\000C\000o\000m\000p\000a\000r\000i\000s\000o\000n\000\040\000a\000n\000d\000\040\000S\000e\000l\000e\000c\000t\000i\000o\000n}{}% 9
\BOOKMARK [2][-]{subsection.3.1}{\376\377\000A\000v\000a\000i\000l\000a\000b\000l\000e\000\040\000S\000V\000D\000\040\000A\000l\000g\000o\000r\000i\000t\000h\000m\000s}{section.3}% 10
\BOOKMARK [2][-]{subsection.3.2}{\376\377\000W\000h\000y\000\040\000P\000o\000w\000e\000r\000\040\000I\000t\000e\000r\000a\000t\000i\000o\000n\000\040\000w\000i\000t\000h\000\040\000D\000e\000f\000l\000a\000t\000i\000o\000n\000?}{section.3}% 11
\BOOKMARK [2][-]{subsection.3.3}{\376\377\000M\000a\000t\000h\000e\000m\000a\000t\000i\000c\000a\000l\000\040\000P\000r\000i\000n\000c\000i\000p\000l\000e\000:\000\040\000P\000o\000w\000e\000r\000\040\000I\000t\000e\000r\000a\000t\000i\000o\000n}{section.3}% 12
\BOOKMARK [3][-]{subsubsection.3.3.1}{\376\377\000C\000o\000n\000v\000e\000r\000g\000e\000n\000c\000e\000\040\000A\000n\000a\000l\000y\000s\000i\000s}{subsection.3.3}% 13
\BOOKMARK [3][-]{subsubsection.3.3.2}{\376\377\000D\000e\000f\000l\000a\000t\000i\000o\000n\000\040\000f\000o\000r\000\040\000M\000u\000l\000t\000i\000p\000l\000e\000\040\000S\000i\000n\000g\000u\000l\000a\000r\000\040\000V\000a\000l\000u\000e\000s}{subsection.3.3}% 14
\BOOKMARK [1][-]{section.4}{\376\377\000I\000m\000p\000l\000e\000m\000e\000n\000t\000a\000t\000i\000o\000n\000\040\000D\000e\000t\000a\000i\000l\000s}{}% 15
\BOOKMARK [2][-]{subsection.4.1}{\376\377\000A\000l\000g\000o\000r\000i\000t\000h\000m\000\040\000P\000s\000e\000u\000d\000o\000c\000o\000d\000e}{section.4}% 16
\BOOKMARK [2][-]{subsection.4.2}{\376\377\000C\000o\000m\000p\000u\000t\000a\000t\000i\000o\000n\000a\000l\000\040\000C\000o\000m\000p\000l\000e\000x\000i\000t\000y\000\040\000A\000n\000a\000l\000y\000s\000i\000s}{section.4}% 17
\BOOKMARK [2][-]{subsection.4.3}{\376\377\000C\000o\000d\000e\000\040\000S\000t\000r\000u\000c\000t\000u\000r\000e}{section.4}% 18
\BOOKMARK [2][-]{subsection.4.4}{\376\377\000K\000e\000y\000\040\000I\000m\000p\000l\000e\000m\000e\000n\000t\000a\000t\000i\000o\000n\000\040\000F\000e\000a\000t\000u\000r\000e\000s}{section.4}% 19
\BOOKMARK [1][-]{section.5}{\376\377\000C\000o\000m\000p\000r\000e\000s\000s\000i\000o\000n\000\040\000F\000o\000r\000m\000u\000l\000a}{}% 20
\BOOKMARK [1][-]{section.6}{\376\377\000E\000x\000p\000e\000r\000i\000m\000e\000n\000t\000a\000l\000\040\000R\000e\000s\000u\000l\000t\000s}{}% 21
\BOOKMARK [2][-]{subsection.6.1}{\376\377\000T\000e\000s\000t\000\040\000I\000m\000a\000g\000e}{section.6}% 22
\BOOKMARK [2][-]{subsection.6.2}{\376\377\000E\000i\000n\000s\000t\000e\000i\000n}{section.6}% 23
\BOOKMARK [2][-]{subsection.6.3}{\376\377\000G\000l\000o\000b\000e}{section.6}% 24
\BOOKMARK [2][-]{subsection.6.4}{\376\377\000G\000r\000e\000y\000s\000c\000a\000l\000e}{section.6}% 25
\BOOKMARK [2][-]{subsection.6.5}{\376\377\000T\000o\000p\000\040\0005\000\040\000S\000i\000n\000g\000u\000l\000a\000r\000\040\000V\000a\000l\000u\000e\000s\000\040\000f\000o\000r\000\040\000k\000=\0005\0000}{section.6}% 26
\BOOKMARK [2][-]{subsection.6.6}{\376\377\000V\000i\000s\000u\000a\000l\000\040\000C\000o\000m\000p\000a\000r\000i\000s\000o\000n}{section.6}% 27
\BOOKMARK [1][-]{section.7}{\376\377\000T\000r\000a\000d\000e\000-\000o\000f\000f\000s\000\040\000A\000n\000a\000l\000y\000s\000i\000s}{}% 28
\BOOKMARK [2][-]{subsection.7.1}{\376\377\000Q\000u\000a\000l\000i\000t\000y\000\040\000v\000s\000.\000\040\000C\000o\000m\000p\000r\000e\000s\000s\000i\000o\000n\000\040\000T\000r\000a\000d\000e\000-\000o\000f\000f}{section.7}% 29
\BOOKMARK [2][-]{subsection.7.2}{\376\377\000C\000o\000m\000p\000u\000t\000a\000t\000i\000o\000n\000a\000l\000\040\000C\000o\000s\000t\000\040\000v\000s\000.\000\040\000k}{section.7}% 30
\BOOKMARK [2][-]{subsection.7.3}{\376\377\000P\000e\000r\000c\000e\000p\000t\000u\000a\000l\000\040\000Q\000u\000a\000l\000i\000t\000y\000\040\000I\000n\000s\000i\000g\000h\000t\000s}{section.7}% 31
\BOOKMARK [1][-]{section.8}{\376\377\000A\000d\000v\000a\000n\000t\000a\000g\000e\000s\000\040\000a\000n\000d\000\040\000L\000i\000m\000i\000t\000a\000t\000i\000o\000n\000s}{}% 32
\BOOKMARK [2][-]{subsection.8.1}{\376\377\000A\000d\000v\000a\000n\000t\000a\000g\000e\000s}{section.8}% 33
\BOOKMARK [2][-]{subsection.8.2}{\376\377\000L\000i\000m\000i\000t\000a\000t\000i\000o\000n\000s}{section.8}% 34
\BOOKMARK [1][-]{section.9}{\376\377\000C\000o\000n\000c\000l\000u\000s\000i\000o\000n}{}% 35
